<?xml version="1.0" encoding="UTF-8"?>
<!-- Generated by org.testng.reporters.JUnitXMLReporter -->
<testsuite ignored="0" hostname="DESKTOP-MUMMMVL" failures="0" tests="5" name="Default test" time="59.233" errors="0" timestamp="2021-06-28T16:31:06 IST">
  <testcase classname="testng.googleTest" name="googletitletest" time="0.074"/>
  <testcase classname="testng.googleTest" name="googlelinktext" time="0.207"/>
  <testcase classname="testng.googleTest" name="googlelogo" time="0.129"/>
  <testcase classname="testng.googleTest" name="test1" time="0.004"/>
  <testcase classname="testng.googleTest" name="test2" time="0.001"/>
</testsuite> <!-- Default test -->
